<?xml version="1.0" encoding="UTF-8"?>
<!-- Generated by org.testng.reporters.JUnitReportReporter -->
<testsuite hostname="User-PC" failures="0" tests="1" name="Runners.Run" time="0.112" errors="0" timestamp="2022-10-25T15:26:46 UZT" skipped="0">
  <testcase classname="Runners.Run" name="runScenario" time="0.112"/>
  <system-out/>
</testsuite> <!-- Runners.Run -->
